Start testing: Sep 17 16:43 CST
----------------------------------------------------------
3/3 Testing: ThreadPoolTest
3/3 Test: ThreadPoolTest
Command: "/home/sakura/text/distributed-task-system/build/tests/thread_pool_test"
Directory: /home/sakura/text/distributed-task-system/build/tests
"ThreadPoolTest" start time: Sep 17 16:43 CST
Output:
----------------------------------------------------------
Running main() from /home/sakura/text/distributed-task-system/build/_deps/googletest-src/googletest/src/gtest_main.cc
[==========] Running 4 tests from 1 test suite.
[----------] Global test environment set-up.
[----------] 4 tests from ThreadPoolTest
[ RUN      ] ThreadPoolTest.SingleTaskExecution
[       OK ] ThreadPoolTest.SingleTaskExecution (0 ms)
[ RUN      ] ThreadPoolTest.Concurrency
[       OK ] ThreadPoolTest.Concurrency (6 ms)
[ RUN      ] ThreadPoolTest.ExceptionHandling
[       OK ] ThreadPoolTest.ExceptionHandling (1 ms)
[ RUN      ] ThreadPoolTest.StopBehavior
[       OK ] ThreadPoolTest.StopBehavior (0 ms)
[----------] 4 tests from ThreadPoolTest (8 ms total)

[----------] Global test environment tear-down
[==========] 4 tests from 1 test suite ran. (8 ms total)
[  PASSED  ] 4 tests.
<end of output>
Test time =   0.01 sec
----------------------------------------------------------
Test Passed.
"ThreadPoolTest" end time: Sep 17 16:43 CST
"ThreadPoolTest" time elapsed: 00:00:00
----------------------------------------------------------

End testing: Sep 17 16:43 CST
